Started GET "/" for 127.0.0.1 at 2018-02-12 16:43:13 +0530
Processing by Rails::WelcomeController#index as HTML
  Rendering /home/anami/.rvm/gems/ruby-2.4.1@global/gems/railties-5.1.4/lib/rails/templates/rails/welcome/index.html.erb
  Rendered /home/anami/.rvm/gems/ruby-2.4.1@global/gems/railties-5.1.4/lib/rails/templates/rails/welcome/index.html.erb (2.7ms)
Completed 200 OK in 433ms (Views: 27.6ms)


  [1m[35m (0.1ms)[0m  [1m[34mSELECT sqlite_version(*)[0m
  [1m[35m (106.8ms)[0m  [1m[35mCREATE TABLE "schema_migrations" ("version" varchar NOT NULL PRIMARY KEY)[0m
  [1m[35m (111.9ms)[0m  [1m[35mCREATE TABLE "ar_internal_metadata" ("key" varchar NOT NULL PRIMARY KEY, "value" varchar, "created_at" datetime NOT NULL, "updated_at" datetime NOT NULL)[0m
  [1m[35m (0.2ms)[0m  [1m[34mSELECT "schema_migrations"."version" FROM "schema_migrations" ORDER BY "schema_migrations"."version" ASC[0m
Migrating to CreatePics (20180212113738)
  [1m[35m (0.1ms)[0m  [1m[36mbegin transaction[0m
  [1m[35m (0.9ms)[0m  [1m[35mCREATE TABLE "pics" ("id" INTEGER PRIMARY KEY AUTOINCREMENT NOT NULL, "title" varchar, "discription" text, "created_at" datetime NOT NULL, "updated_at" datetime NOT NULL)[0m
  [1m[35mSQL (0.2ms)[0m  [1m[32mINSERT INTO "schema_migrations" ("version") VALUES (?)[0m  [["version", "20180212113738"]]
  [1m[35m (92.7ms)[0m  [1m[36mcommit transaction[0m
  [1m[36mActiveRecord::InternalMetadata Load (0.1ms)[0m  [1m[34mSELECT  "ar_internal_metadata".* FROM "ar_internal_metadata" WHERE "ar_internal_metadata"."key" = ? LIMIT ?[0m  [["key", "environment"], ["LIMIT", 1]]
  [1m[35m (0.1ms)[0m  [1m[36mbegin transaction[0m
  [1m[35mSQL (0.6ms)[0m  [1m[32mINSERT INTO "ar_internal_metadata" ("key", "value", "created_at", "updated_at") VALUES (?, ?, ?, ?)[0m  [["key", "environment"], ["value", "development"], ["created_at", "2018-02-12 11:39:01.280671"], ["updated_at", "2018-02-12 11:39:01.280671"]]
  [1m[35m (83.2ms)[0m  [1m[36mcommit transaction[0m
  [1m[35m (0.1ms)[0m  [1m[34mSELECT "schema_migrations"."version" FROM "schema_migrations" ORDER BY "schema_migrations"."version" ASC[0m
Started GET "/" for 127.0.0.1 at 2018-02-12 17:17:04 +0530
  [1m[35m (0.2ms)[0m  [1m[34mSELECT "schema_migrations"."version" FROM "schema_migrations" ORDER BY "schema_migrations"."version" ASC[0m
  
AbstractController::ActionNotFound (The action 'index' could not be found for PicsController):
  
actionpack (5.1.4) lib/abstract_controller/base.rb:119:in `process'
actionview (5.1.4) lib/action_view/rendering.rb:30:in `process'
actionpack (5.1.4) lib/action_controller/metal.rb:189:in `dispatch'
actionpack (5.1.4) lib/action_controller/metal.rb:253:in `dispatch'
actionpack (5.1.4) lib/action_dispatch/routing/route_set.rb:49:in `dispatch'
actionpack (5.1.4) lib/action_dispatch/routing/route_set.rb:31:in `serve'
actionpack (5.1.4) lib/action_dispatch/journey/router.rb:50:in `block in serve'
actionpack (5.1.4) lib/action_dispatch/journey/router.rb:33:in `each'
actionpack (5.1.4) lib/action_dispatch/journey/router.rb:33:in `serve'
actionpack (5.1.4) lib/action_dispatch/routing/route_set.rb:834:in `call'
rack (2.0.4) lib/rack/etag.rb:25:in `call'
rack (2.0.4) lib/rack/conditional_get.rb:25:in `call'
rack (2.0.4) lib/rack/head.rb:12:in `call'
rack (2.0.4) lib/rack/session/abstract/id.rb:232:in `context'
rack (2.0.4) lib/rack/session/abstract/id.rb:226:in `call'
actionpack (5.1.4) lib/action_dispatch/middleware/cookies.rb:613:in `call'
activerecord (5.1.4) lib/active_record/migration.rb:556:in `call'
actionpack (5.1.4) lib/action_dispatch/middleware/callbacks.rb:26:in `block in call'
activesupport (5.1.4) lib/active_support/callbacks.rb:97:in `run_callbacks'
actionpack (5.1.4) lib/action_dispatch/middleware/callbacks.rb:24:in `call'
actionpack (5.1.4) lib/action_dispatch/middleware/executor.rb:12:in `call'
actionpack (5.1.4) lib/action_dispatch/middleware/debug_exceptions.rb:59:in `call'
web-console (3.5.1) lib/web_console/middleware.rb:135:in `call_app'
web-console (3.5.1) lib/web_console/middleware.rb:28:in `block in call'
web-console (3.5.1) lib/web_console/middleware.rb:18:in `catch'
web-console (3.5.1) lib/web_console/middleware.rb:18:in `call'
actionpack (5.1.4) lib/action_dispatch/middleware/show_exceptions.rb:31:in `call'
railties (5.1.4) lib/rails/rack/logger.rb:36:in `call_app'
railties (5.1.4) lib/rails/rack/logger.rb:24:in `block in call'
activesupport (5.1.4) lib/active_support/tagged_logging.rb:69:in `block in tagged'
activesupport (5.1.4) lib/active_support/tagged_logging.rb:26:in `tagged'
activesupport (5.1.4) lib/active_support/tagged_logging.rb:69:in `tagged'
railties (5.1.4) lib/rails/rack/logger.rb:24:in `call'
sprockets-rails (3.2.1) lib/sprockets/rails/quiet_assets.rb:13:in `call'
actionpack (5.1.4) lib/action_dispatch/middleware/remote_ip.rb:79:in `call'
actionpack (5.1.4) lib/action_dispatch/middleware/request_id.rb:25:in `call'
rack (2.0.4) lib/rack/method_override.rb:22:in `call'
rack (2.0.4) lib/rack/runtime.rb:22:in `call'
activesupport (5.1.4) lib/active_support/cache/strategy/local_cache_middleware.rb:27:in `call'
actionpack (5.1.4) lib/action_dispatch/middleware/executor.rb:12:in `call'
actionpack (5.1.4) lib/action_dispatch/middleware/static.rb:125:in `call'
rack (2.0.4) lib/rack/sendfile.rb:111:in `call'
railties (5.1.4) lib/rails/engine.rb:522:in `call'
puma (3.11.2) lib/puma/configuration.rb:225:in `call'
puma (3.11.2) lib/puma/server.rb:624:in `handle_request'
puma (3.11.2) lib/puma/server.rb:438:in `process_client'
puma (3.11.2) lib/puma/server.rb:302:in `block in run'
puma (3.11.2) lib/puma/thread_pool.rb:120:in `block in spawn_thread'
Started GET "/" for 127.0.0.1 at 2018-02-12 17:19:01 +0530
  
ArgumentError ('Pics' is not a supported controller name. This can lead to potential routing problems. See http://guides.rubyonrails.org/routing.html#specifying-a-controller-to-use):
  
config/routes.rb:3:in `block in <top (required)>'
config/routes.rb:1:in `<top (required)>'
Started GET "/" for 127.0.0.1 at 2018-02-12 17:20:38 +0530
Processing by Rails::WelcomeController#index as HTML
  Rendering /home/anami/.rvm/gems/ruby-2.4.1@global/gems/railties-5.1.4/lib/rails/templates/rails/welcome/index.html.erb
  Rendered /home/anami/.rvm/gems/ruby-2.4.1@global/gems/railties-5.1.4/lib/rails/templates/rails/welcome/index.html.erb (1.8ms)
Completed 200 OK in 5ms (Views: 3.3ms)


Started GET "/" for 127.0.0.1 at 2018-02-12 17:23:28 +0530
Processing by PicsController#index as HTML
  Rendering pics/index.html.erb within layouts/application
  Rendered pics/index.html.erb within layouts/application (0.3ms)
Completed 200 OK in 1882ms (Views: 1880.8ms)


Started GET "/" for 127.0.0.1 at 2018-02-12 17:24:27 +0530
Processing by PicsController#index as HTML
Completed 406 Not Acceptable in 11ms


  
ActionController::UnknownFormat (PicsController#index is missing a template for this request format and variant.

request.formats: ["text/html"]
request.variant: []

NOTE! For XHR/Ajax or API requests, this action would normally respond with 204 No Content: an empty white screen. Since you're loading it in a web browser, we assume that you expected to actually render a template, not nothing, so we're showing an error to be extra-clear. If you expect 204 No Content, carry on. That's what you'll get from an XHR or API request. Give it a shot.):
  
actionpack (5.1.4) lib/action_controller/metal/implicit_render.rb:53:in `default_render'
actionpack (5.1.4) lib/action_controller/metal/basic_implicit_render.rb:4:in `block in send_action'
actionpack (5.1.4) lib/action_controller/metal/basic_implicit_render.rb:4:in `tap'
actionpack (5.1.4) lib/action_controller/metal/basic_implicit_render.rb:4:in `send_action'
actionpack (5.1.4) lib/abstract_controller/base.rb:186:in `process_action'
actionpack (5.1.4) lib/action_controller/metal/rendering.rb:30:in `process_action'
actionpack (5.1.4) lib/abstract_controller/callbacks.rb:20:in `block in process_action'
activesupport (5.1.4) lib/active_support/callbacks.rb:131:in `run_callbacks'
actionpack (5.1.4) lib/abstract_controller/callbacks.rb:19:in `process_action'
actionpack (5.1.4) lib/action_controller/metal/rescue.rb:20:in `process_action'
actionpack (5.1.4) lib/action_controller/metal/instrumentation.rb:32:in `block in process_action'
activesupport (5.1.4) lib/active_support/notifications.rb:166:in `block in instrument'
activesupport (5.1.4) lib/active_support/notifications/instrumenter.rb:21:in `instrument'
activesupport (5.1.4) lib/active_support/notifications.rb:166:in `instrument'
actionpack (5.1.4) lib/action_controller/metal/instrumentation.rb:30:in `process_action'
actionpack (5.1.4) lib/action_controller/metal/params_wrapper.rb:252:in `process_action'
activerecord (5.1.4) lib/active_record/railties/controller_runtime.rb:22:in `process_action'
actionpack (5.1.4) lib/abstract_controller/base.rb:124:in `process'
actionview (5.1.4) lib/action_view/rendering.rb:30:in `process'
actionpack (5.1.4) lib/action_controller/metal.rb:189:in `dispatch'
actionpack (5.1.4) lib/action_controller/metal.rb:253:in `dispatch'
actionpack (5.1.4) lib/action_dispatch/routing/route_set.rb:49:in `dispatch'
actionpack (5.1.4) lib/action_dispatch/routing/route_set.rb:31:in `serve'
actionpack (5.1.4) lib/action_dispatch/journey/router.rb:50:in `block in serve'
actionpack (5.1.4) lib/action_dispatch/journey/router.rb:33:in `each'
actionpack (5.1.4) lib/action_dispatch/journey/router.rb:33:in `serve'
actionpack (5.1.4) lib/action_dispatch/routing/route_set.rb:834:in `call'
rack (2.0.4) lib/rack/etag.rb:25:in `call'
rack (2.0.4) lib/rack/conditional_get.rb:25:in `call'
rack (2.0.4) lib/rack/head.rb:12:in `call'
rack (2.0.4) lib/rack/session/abstract/id.rb:232:in `context'
rack (2.0.4) lib/rack/session/abstract/id.rb:226:in `call'
actionpack (5.1.4) lib/action_dispatch/middleware/cookies.rb:613:in `call'
activerecord (5.1.4) lib/active_record/migration.rb:556:in `call'
actionpack (5.1.4) lib/action_dispatch/middleware/callbacks.rb:26:in `block in call'
activesupport (5.1.4) lib/active_support/callbacks.rb:97:in `run_callbacks'
actionpack (5.1.4) lib/action_dispatch/middleware/callbacks.rb:24:in `call'
actionpack (5.1.4) lib/action_dispatch/middleware/executor.rb:12:in `call'
actionpack (5.1.4) lib/action_dispatch/middleware/debug_exceptions.rb:59:in `call'
web-console (3.5.1) lib/web_console/middleware.rb:135:in `call_app'
web-console (3.5.1) lib/web_console/middleware.rb:28:in `block in call'
web-console (3.5.1) lib/web_console/middleware.rb:18:in `catch'
web-console (3.5.1) lib/web_console/middleware.rb:18:in `call'
actionpack (5.1.4) lib/action_dispatch/middleware/show_exceptions.rb:31:in `call'
railties (5.1.4) lib/rails/rack/logger.rb:36:in `call_app'
railties (5.1.4) lib/rails/rack/logger.rb:24:in `block in call'
activesupport (5.1.4) lib/active_support/tagged_logging.rb:69:in `block in tagged'
activesupport (5.1.4) lib/active_support/tagged_logging.rb:26:in `tagged'
activesupport (5.1.4) lib/active_support/tagged_logging.rb:69:in `tagged'
railties (5.1.4) lib/rails/rack/logger.rb:24:in `call'
sprockets-rails (3.2.1) lib/sprockets/rails/quiet_assets.rb:13:in `call'
actionpack (5.1.4) lib/action_dispatch/middleware/remote_ip.rb:79:in `call'
actionpack (5.1.4) lib/action_dispatch/middleware/request_id.rb:25:in `call'
rack (2.0.4) lib/rack/method_override.rb:22:in `call'
rack (2.0.4) lib/rack/runtime.rb:22:in `call'
activesupport (5.1.4) lib/active_support/cache/strategy/local_cache_middleware.rb:27:in `call'
actionpack (5.1.4) lib/action_dispatch/middleware/executor.rb:12:in `call'
actionpack (5.1.4) lib/action_dispatch/middleware/static.rb:125:in `call'
rack (2.0.4) lib/rack/sendfile.rb:111:in `call'
railties (5.1.4) lib/rails/engine.rb:522:in `call'
puma (3.11.2) lib/puma/configuration.rb:225:in `call'
puma (3.11.2) lib/puma/server.rb:624:in `handle_request'
puma (3.11.2) lib/puma/server.rb:438:in `process_client'
puma (3.11.2) lib/puma/server.rb:302:in `block in run'
puma (3.11.2) lib/puma/thread_pool.rb:120:in `block in spawn_thread'
Started GET "/" for 127.0.0.1 at 2018-02-12 17:37:46 +0530
Processing by PicsController#index as HTML
Completed 406 Not Acceptable in 11ms


  
ActionController::UnknownFormat (PicsController#index is missing a template for this request format and variant.

request.formats: ["text/html"]
request.variant: []

NOTE! For XHR/Ajax or API requests, this action would normally respond with 204 No Content: an empty white screen. Since you're loading it in a web browser, we assume that you expected to actually render a template, not nothing, so we're showing an error to be extra-clear. If you expect 204 No Content, carry on. That's what you'll get from an XHR or API request. Give it a shot.):
  
actionpack (5.1.4) lib/action_controller/metal/implicit_render.rb:53:in `default_render'
actionpack (5.1.4) lib/action_controller/metal/basic_implicit_render.rb:4:in `block in send_action'
actionpack (5.1.4) lib/action_controller/metal/basic_implicit_render.rb:4:in `tap'
actionpack (5.1.4) lib/action_controller/metal/basic_implicit_render.rb:4:in `send_action'
actionpack (5.1.4) lib/abstract_controller/base.rb:186:in `process_action'
actionpack (5.1.4) lib/action_controller/metal/rendering.rb:30:in `process_action'
actionpack (5.1.4) lib/abstract_controller/callbacks.rb:20:in `block in process_action'
activesupport (5.1.4) lib/active_support/callbacks.rb:131:in `run_callbacks'
actionpack (5.1.4) lib/abstract_controller/callbacks.rb:19:in `process_action'
actionpack (5.1.4) lib/action_controller/metal/rescue.rb:20:in `process_action'
actionpack (5.1.4) lib/action_controller/metal/instrumentation.rb:32:in `block in process_action'
activesupport (5.1.4) lib/active_support/notifications.rb:166:in `block in instrument'
activesupport (5.1.4) lib/active_support/notifications/instrumenter.rb:21:in `instrument'
activesupport (5.1.4) lib/active_support/notifications.rb:166:in `instrument'
actionpack (5.1.4) lib/action_controller/metal/instrumentation.rb:30:in `process_action'
actionpack (5.1.4) lib/action_controller/metal/params_wrapper.rb:252:in `process_action'
activerecord (5.1.4) lib/active_record/railties/controller_runtime.rb:22:in `process_action'
actionpack (5.1.4) lib/abstract_controller/base.rb:124:in `process'
actionview (5.1.4) lib/action_view/rendering.rb:30:in `process'
actionpack (5.1.4) lib/action_controller/metal.rb:189:in `dispatch'
actionpack (5.1.4) lib/action_controller/metal.rb:253:in `dispatch'
actionpack (5.1.4) lib/action_dispatch/routing/route_set.rb:49:in `dispatch'
actionpack (5.1.4) lib/action_dispatch/routing/route_set.rb:31:in `serve'
actionpack (5.1.4) lib/action_dispatch/journey/router.rb:50:in `block in serve'
actionpack (5.1.4) lib/action_dispatch/journey/router.rb:33:in `each'
actionpack (5.1.4) lib/action_dispatch/journey/router.rb:33:in `serve'
actionpack (5.1.4) lib/action_dispatch/routing/route_set.rb:834:in `call'
rack (2.0.4) lib/rack/etag.rb:25:in `call'
rack (2.0.4) lib/rack/conditional_get.rb:25:in `call'
rack (2.0.4) lib/rack/head.rb:12:in `call'
rack (2.0.4) lib/rack/session/abstract/id.rb:232:in `context'
rack (2.0.4) lib/rack/session/abstract/id.rb:226:in `call'
actionpack (5.1.4) lib/action_dispatch/middleware/cookies.rb:613:in `call'
activerecord (5.1.4) lib/active_record/migration.rb:556:in `call'
actionpack (5.1.4) lib/action_dispatch/middleware/callbacks.rb:26:in `block in call'
activesupport (5.1.4) lib/active_support/callbacks.rb:97:in `run_callbacks'
actionpack (5.1.4) lib/action_dispatch/middleware/callbacks.rb:24:in `call'
actionpack (5.1.4) lib/action_dispatch/middleware/executor.rb:12:in `call'
actionpack (5.1.4) lib/action_dispatch/middleware/debug_exceptions.rb:59:in `call'
web-console (3.5.1) lib/web_console/middleware.rb:135:in `call_app'
web-console (3.5.1) lib/web_console/middleware.rb:28:in `block in call'
web-console (3.5.1) lib/web_console/middleware.rb:18:in `catch'
web-console (3.5.1) lib/web_console/middleware.rb:18:in `call'
actionpack (5.1.4) lib/action_dispatch/middleware/show_exceptions.rb:31:in `call'
railties (5.1.4) lib/rails/rack/logger.rb:36:in `call_app'
railties (5.1.4) lib/rails/rack/logger.rb:24:in `block in call'
activesupport (5.1.4) lib/active_support/tagged_logging.rb:69:in `block in tagged'
activesupport (5.1.4) lib/active_support/tagged_logging.rb:26:in `tagged'
activesupport (5.1.4) lib/active_support/tagged_logging.rb:69:in `tagged'
railties (5.1.4) lib/rails/rack/logger.rb:24:in `call'
sprockets-rails (3.2.1) lib/sprockets/rails/quiet_assets.rb:13:in `call'
actionpack (5.1.4) lib/action_dispatch/middleware/remote_ip.rb:79:in `call'
actionpack (5.1.4) lib/action_dispatch/middleware/request_id.rb:25:in `call'
rack (2.0.4) lib/rack/method_override.rb:22:in `call'
rack (2.0.4) lib/rack/runtime.rb:22:in `call'
activesupport (5.1.4) lib/active_support/cache/strategy/local_cache_middleware.rb:27:in `call'
actionpack (5.1.4) lib/action_dispatch/middleware/executor.rb:12:in `call'
actionpack (5.1.4) lib/action_dispatch/middleware/static.rb:125:in `call'
rack (2.0.4) lib/rack/sendfile.rb:111:in `call'
railties (5.1.4) lib/rails/engine.rb:522:in `call'
puma (3.11.2) lib/puma/configuration.rb:225:in `call'
puma (3.11.2) lib/puma/server.rb:624:in `handle_request'
puma (3.11.2) lib/puma/server.rb:438:in `process_client'
puma (3.11.2) lib/puma/server.rb:302:in `block in run'
puma (3.11.2) lib/puma/thread_pool.rb:120:in `block in spawn_thread'
Started GET "/" for 127.0.0.1 at 2018-02-12 17:44:24 +0530
Processing by PicsController#index as HTML
Completed 406 Not Acceptable in 12ms


  
ActionController::UnknownFormat (PicsController#index is missing a template for this request format and variant.

request.formats: ["text/html"]
request.variant: []

NOTE! For XHR/Ajax or API requests, this action would normally respond with 204 No Content: an empty white screen. Since you're loading it in a web browser, we assume that you expected to actually render a template, not nothing, so we're showing an error to be extra-clear. If you expect 204 No Content, carry on. That's what you'll get from an XHR or API request. Give it a shot.):
  
actionpack (5.1.4) lib/action_controller/metal/implicit_render.rb:53:in `default_render'
actionpack (5.1.4) lib/action_controller/metal/basic_implicit_render.rb:4:in `block in send_action'
actionpack (5.1.4) lib/action_controller/metal/basic_implicit_render.rb:4:in `tap'
actionpack (5.1.4) lib/action_controller/metal/basic_implicit_render.rb:4:in `send_action'
actionpack (5.1.4) lib/abstract_controller/base.rb:186:in `process_action'
actionpack (5.1.4) lib/action_controller/metal/rendering.rb:30:in `process_action'
actionpack (5.1.4) lib/abstract_controller/callbacks.rb:20:in `block in process_action'
activesupport (5.1.4) lib/active_support/callbacks.rb:131:in `run_callbacks'
actionpack (5.1.4) lib/abstract_controller/callbacks.rb:19:in `process_action'
actionpack (5.1.4) lib/action_controller/metal/rescue.rb:20:in `process_action'
actionpack (5.1.4) lib/action_controller/metal/instrumentation.rb:32:in `block in process_action'
activesupport (5.1.4) lib/active_support/notifications.rb:166:in `block in instrument'
activesupport (5.1.4) lib/active_support/notifications/instrumenter.rb:21:in `instrument'
activesupport (5.1.4) lib/active_support/notifications.rb:166:in `instrument'
actionpack (5.1.4) lib/action_controller/metal/instrumentation.rb:30:in `process_action'
actionpack (5.1.4) lib/action_controller/metal/params_wrapper.rb:252:in `process_action'
activerecord (5.1.4) lib/active_record/railties/controller_runtime.rb:22:in `process_action'
actionpack (5.1.4) lib/abstract_controller/base.rb:124:in `process'
actionview (5.1.4) lib/action_view/rendering.rb:30:in `process'
actionpack (5.1.4) lib/action_controller/metal.rb:189:in `dispatch'
actionpack (5.1.4) lib/action_controller/metal.rb:253:in `dispatch'
actionpack (5.1.4) lib/action_dispatch/routing/route_set.rb:49:in `dispatch'
actionpack (5.1.4) lib/action_dispatch/routing/route_set.rb:31:in `serve'
actionpack (5.1.4) lib/action_dispatch/journey/router.rb:50:in `block in serve'
actionpack (5.1.4) lib/action_dispatch/journey/router.rb:33:in `each'
actionpack (5.1.4) lib/action_dispatch/journey/router.rb:33:in `serve'
actionpack (5.1.4) lib/action_dispatch/routing/route_set.rb:834:in `call'
rack (2.0.4) lib/rack/etag.rb:25:in `call'
rack (2.0.4) lib/rack/conditional_get.rb:25:in `call'
rack (2.0.4) lib/rack/head.rb:12:in `call'
rack (2.0.4) lib/rack/session/abstract/id.rb:232:in `context'
rack (2.0.4) lib/rack/session/abstract/id.rb:226:in `call'
actionpack (5.1.4) lib/action_dispatch/middleware/cookies.rb:613:in `call'
activerecord (5.1.4) lib/active_record/migration.rb:556:in `call'
actionpack (5.1.4) lib/action_dispatch/middleware/callbacks.rb:26:in `block in call'
activesupport (5.1.4) lib/active_support/callbacks.rb:97:in `run_callbacks'
actionpack (5.1.4) lib/action_dispatch/middleware/callbacks.rb:24:in `call'
actionpack (5.1.4) lib/action_dispatch/middleware/executor.rb:12:in `call'
actionpack (5.1.4) lib/action_dispatch/middleware/debug_exceptions.rb:59:in `call'
web-console (3.5.1) lib/web_console/middleware.rb:135:in `call_app'
web-console (3.5.1) lib/web_console/middleware.rb:28:in `block in call'
web-console (3.5.1) lib/web_console/middleware.rb:18:in `catch'
web-console (3.5.1) lib/web_console/middleware.rb:18:in `call'
actionpack (5.1.4) lib/action_dispatch/middleware/show_exceptions.rb:31:in `call'
railties (5.1.4) lib/rails/rack/logger.rb:36:in `call_app'
railties (5.1.4) lib/rails/rack/logger.rb:24:in `block in call'
activesupport (5.1.4) lib/active_support/tagged_logging.rb:69:in `block in tagged'
activesupport (5.1.4) lib/active_support/tagged_logging.rb:26:in `tagged'
activesupport (5.1.4) lib/active_support/tagged_logging.rb:69:in `tagged'
railties (5.1.4) lib/rails/rack/logger.rb:24:in `call'
sprockets-rails (3.2.1) lib/sprockets/rails/quiet_assets.rb:13:in `call'
actionpack (5.1.4) lib/action_dispatch/middleware/remote_ip.rb:79:in `call'
actionpack (5.1.4) lib/action_dispatch/middleware/request_id.rb:25:in `call'
rack (2.0.4) lib/rack/method_override.rb:22:in `call'
rack (2.0.4) lib/rack/runtime.rb:22:in `call'
activesupport (5.1.4) lib/active_support/cache/strategy/local_cache_middleware.rb:27:in `call'
actionpack (5.1.4) lib/action_dispatch/middleware/executor.rb:12:in `call'
actionpack (5.1.4) lib/action_dispatch/middleware/static.rb:125:in `call'
rack (2.0.4) lib/rack/sendfile.rb:111:in `call'
railties (5.1.4) lib/rails/engine.rb:522:in `call'
puma (3.11.2) lib/puma/configuration.rb:225:in `call'
puma (3.11.2) lib/puma/server.rb:624:in `handle_request'
puma (3.11.2) lib/puma/server.rb:438:in `process_client'
puma (3.11.2) lib/puma/server.rb:302:in `block in run'
puma (3.11.2) lib/puma/thread_pool.rb:120:in `block in spawn_thread'
Started GET "/" for 127.0.0.1 at 2018-02-12 17:47:14 +0530
Processing by PicsController#index as HTML
  Rendering pics/index.html.erb within layouts/application
  Rendered pics/index.html.erb within layouts/application (0.3ms)
Completed 200 OK in 14ms (Views: 13.5ms)


Started GET "/" for 127.0.0.1 at 2018-02-12 17:53:15 +0530
Processing by PicsController#index as HTML
  Rendering pics/index.html.erb within layouts/application
  Rendered pics/index.html.erb within layouts/application (0.4ms)
Completed 200 OK in 20ms (Views: 18.7ms)


Started GET "/" for 127.0.0.1 at 2018-02-12 18:09:42 +0530
  [1m[35m (0.2ms)[0m  [1m[34mSELECT "schema_migrations"."version" FROM "schema_migrations" ORDER BY "schema_migrations"."version" ASC[0m
  
SyntaxError (/home/anami/myinsta/app/controllers/pics_controller.rb:20: syntax error, unexpected end-of-input, expecting keyword_end):
  
app/controllers/pics_controller.rb:20: syntax error, unexpected end-of-input, expecting keyword_end
Started GET "/" for 127.0.0.1 at 2018-02-12 18:10:08 +0530
Processing by PicsController#index as HTML
  Rendering pics/index.html.haml within layouts/application
  Rendered pics/index.html.haml within layouts/application (4.7ms)
Completed 200 OK in 241ms (Views: 239.4ms)


Started GET "/" for 127.0.0.1 at 2018-02-12 18:25:16 +0530
Processing by PicsController#index as HTML
  Rendering pics/index.html.haml within layouts/application
  Rendered pics/index.html.haml within layouts/application (2.1ms)
Completed 200 OK in 18ms (Views: 16.2ms)


Started GET "/pics/new" for 127.0.0.1 at 2018-02-12 18:33:19 +0530
Processing by PicsController#new as HTML
  Rendering pics/new.html.haml within layouts/application
  Rendered pics/_form.html.haml (2.0ms)
  Rendered pics/new.html.haml within layouts/application (5.8ms)
Completed 500 Internal Server Error in 22ms (ActiveRecord: 1.6ms)


  
ActionView::Template::Error (Inconsistent indentation: "\t\t " used for indentation, but the rest of the document was indented using 1 tab.):
     5: 		= pluralize(@pic.errors.count, "error")
     6: 		prevented this Pic from saving
     7: 		%ul
     8: 		 - @pic.errors.full_message.each do |msg|
     9: 		 	%li= msg
    10: 
    11: 		.form-group
  
app/views/pics/_form.html.haml:8
app/views/pics/new.html.haml:3:in `_app_views_pics_new_html_haml___1791480717172150533_36015120'
Started GET "/pics/new" for 127.0.0.1 at 2018-02-12 18:33:51 +0530
Processing by PicsController#new as HTML
  Rendering pics/new.html.haml within layouts/application
  Rendered pics/_form.html.haml (1.1ms)
  Rendered pics/new.html.haml within layouts/application (3.0ms)
Completed 500 Internal Server Error in 5ms (ActiveRecord: 0.0ms)


  
ActionView::Template::Error (Inconsistent indentation: "\t\t " used for indentation, but the rest of the document was indented using 1 tab.):
     5: 		= pluralize(@pic.errors.count, "error")
     6: 		prevented this Pic from saving
     7: 		%ul
     8: 		 -@pic.errors.full_message.each do |msg|
     9: 		 	%li= msg
    10: 
    11: 		.form-group
  
app/views/pics/_form.html.haml:8
app/views/pics/new.html.haml:3:in `_app_views_pics_new_html_haml___1791480717172150533_69856602922800'
Started POST "/__web_console/repl_sessions/6aac2aee47f65d4ec34103c10a7860f3/trace" for 127.0.0.1 at 2018-02-12 18:34:00 +0530
Started POST "/__web_console/repl_sessions/6aac2aee47f65d4ec34103c10a7860f3/trace" for 127.0.0.1 at 2018-02-12 18:39:39 +0530
Started GET "/pics/new" for 127.0.0.1 at 2018-02-12 18:47:52 +0530
  [1m[35m (0.2ms)[0m  [1m[34mSELECT "schema_migrations"."version" FROM "schema_migrations" ORDER BY "schema_migrations"."version" ASC[0m
Processing by PicsController#new as HTML
  Rendering pics/new.html.haml within layouts/application
  Rendered pics/_form.html.haml (2.8ms)
  Rendered pics/new.html.haml within layouts/application (7.9ms)
Completed 500 Internal Server Error in 25ms (ActiveRecord: 0.7ms)


  
ActionView::Template::Error (Inconsistent indentation: "\t\t \t\t" used for indentation, but the rest of the document was indented using 1 tab.):
     5: 			= pluralize(@pic.errors.count, "error")
     6: 			prevented this Pic from saving
     7: 			%ul
     8: 		 		- @pic.errors.full_message.each do |msg|
     9: 		 		%li= msg
    10: 
    11: 	.form-group
  
app/views/pics/_form.html.haml:8
app/views/pics/new.html.haml:3:in `_app_views_pics_new_html_haml__4000090805138174325_40562540'
Started POST "/__web_console/repl_sessions/f43d456896d889667e2dc73171b44b18/trace" for 127.0.0.1 at 2018-02-12 18:47:59 +0530
Started GET "/pics/new" for 127.0.0.1 at 2018-02-12 18:50:18 +0530
Processing by PicsController#new as HTML
  Rendering pics/new.html.haml within layouts/application
  Rendered pics/_form.html.haml (2.8ms)
  Rendered pics/new.html.haml within layouts/application (5.0ms)
Completed 500 Internal Server Error in 7ms (ActiveRecord: 0.0ms)


  
SyntaxError (/home/anami/myinsta/app/views/pics/_form.html.haml:2: syntax error, unexpected ')'
)).to_s);).to_s);; _hamlout.buf
 ^
/home/anami/myinsta/app/views/pics/_form.html.haml:14: syntax error, unexpected tLABEL, expecting '='
nput ;discription, input_html: { class: 'form-control'}
                              ^
/home/anami/myinsta/app/views/pics/_form.html.haml:17: syntax error, unexpected keyword_ensure, expecting keyword_end
Util.html_safe(_erbout);ensure;@haml_buffer = @haml_buffer.u
                              ^
/home/anami/myinsta/app/views/pics/_form.html.haml:18: syntax error, unexpected keyword_ensure, expecting ')'
          ensure
                ^
/home/anami/myinsta/app/views/pics/_form.html.haml:20: syntax error, unexpected keyword_end, expecting ')'
          end
             ^):
  
app/views/pics/_form.html.haml:2: syntax error, unexpected ')'
app/views/pics/_form.html.haml:14: syntax error, unexpected tLABEL, expecting '='
app/views/pics/_form.html.haml:17: syntax error, unexpected keyword_ensure, expecting keyword_end
app/views/pics/_form.html.haml:18: syntax error, unexpected keyword_ensure, expecting ')'
app/views/pics/_form.html.haml:20: syntax error, unexpected keyword_end, expecting ')'
app/views/pics/new.html.haml:3:in `_app_views_pics_new_html_haml__4000090805138174325_37495640'
Started GET "/pics/new" for 127.0.0.1 at 2018-02-12 18:55:07 +0530
Processing by PicsController#new as HTML
  Rendering pics/new.html.haml within layouts/application
  Rendered pics/_form.html.haml (1.3ms)
  Rendered pics/new.html.haml within layouts/application (4.4ms)
Completed 500 Internal Server Error in 9ms (ActiveRecord: 0.0ms)


  
ActionView::Template::Error (Inconsistent indentation: 1 tab used for indentation, but the rest of the document was indented using 1 space.):
    1: = simple_form_for @pic, html: { multipart: true } do |f|
    2:  - if @pic.errors.any?
    3: 	#errors
    4: 	 %h2
    5: 	 = pluralize(@pic.errors.count, "error")
    6: 	 prevented this Pic from saving
  
app/views/pics/_form.html.haml:3
app/views/pics/new.html.haml:3:in `_app_views_pics_new_html_haml__4000090805138174325_70181885350580'
Started GET "/pics/new" for 127.0.0.1 at 2018-02-12 18:55:24 +0530
Processing by PicsController#new as HTML
  Rendering pics/new.html.haml within layouts/application
  Rendered pics/_form.html.haml (1.5ms)
  Rendered pics/new.html.haml within layouts/application (3.6ms)
Completed 500 Internal Server Error in 6ms (ActiveRecord: 0.0ms)


  
ActionView::Template::Error (Inconsistent indentation: "\t " used for indentation, but the rest of the document was indented using 1 space.):
    1: = simple_form_for @pic, html: { multipart: true } do |f|
    2:  - if @pic.errors.any?
    3:   #errors
    4: 	 %h2
    5: 	 = pluralize(@pic.errors.count, "error")
    6: 	 prevented this Pic from saving
    7: 	 %ul
  
app/views/pics/_form.html.haml:4
app/views/pics/new.html.haml:3:in `_app_views_pics_new_html_haml__4000090805138174325_39984500'
Started GET "/pics/new" for 127.0.0.1 at 2018-02-12 18:56:37 +0530
Processing by PicsController#new as HTML
  Rendering pics/new.html.haml within layouts/application
  Rendered pics/_form.html.haml (2.8ms)
  Rendered pics/new.html.haml within layouts/application (6.6ms)
Completed 500 Internal Server Error in 9ms (ActiveRecord: 0.0ms)


  
ActionView::Template::Error (The line was indented 2 levels deeper than the previous line.):
     9:    %li= msg
    10: 
    11:  .form-group
    12:    = f.input :title, input_html: { class: 'form-control'}
    13:  .form-group
    14:    = f.input ;discription, input_html: { class: 'form-control'}
    15: 	
  
app/views/pics/_form.html.haml:12
app/views/pics/new.html.haml:3:in `_app_views_pics_new_html_haml__4000090805138174325_70181885388200'
Started GET "/pics/new" for 127.0.0.1 at 2018-02-12 18:57:20 +0530
Processing by PicsController#new as HTML
  Rendering pics/new.html.haml within layouts/application
  Rendered pics/_form.html.haml (3.8ms)
  Rendered pics/new.html.haml within layouts/application (6.1ms)
Completed 500 Internal Server Error in 9ms (ActiveRecord: 0.0ms)


  
SyntaxError (/home/anami/myinsta/app/views/pics/_form.html.haml:14: syntax error, unexpected tLABEL, expecting '='
nput ;discription, input_html: { class: 'form-control'}
                              ^
/home/anami/myinsta/app/views/pics/_form.html.haml:17: syntax error, unexpected keyword_ensure, expecting keyword_end
Util.html_safe(_erbout);ensure;@haml_buffer = @haml_buffer.u
                              ^):
  
app/views/pics/_form.html.haml:14: syntax error, unexpected tLABEL, expecting '='
app/views/pics/_form.html.haml:17: syntax error, unexpected keyword_ensure, expecting keyword_end
app/views/pics/new.html.haml:3:in `_app_views_pics_new_html_haml__4000090805138174325_40621140'
Started GET "/pics/new" for 127.0.0.1 at 2018-02-12 19:02:39 +0530
Processing by PicsController#new as HTML
  Rendering pics/new.html.haml within layouts/application
  Rendered pics/_form.html.haml (4.5ms)
  Rendered pics/new.html.haml within layouts/application (7.5ms)
Completed 500 Internal Server Error in 10ms (ActiveRecord: 0.0ms)


  
SyntaxError (/home/anami/myinsta/app/views/pics/_form.html.haml:14: syntax error, unexpected tLABEL, expecting '='
nput ;discription, input_html: { class: 'form-control'}
                              ^
/home/anami/myinsta/app/views/pics/_form.html.haml:17: syntax error, unexpected keyword_ensure, expecting keyword_end
Util.html_safe(_erbout);ensure;@haml_buffer = @haml_buffer.u
                              ^):
  
app/views/pics/_form.html.haml:14: syntax error, unexpected tLABEL, expecting '='
app/views/pics/_form.html.haml:17: syntax error, unexpected keyword_ensure, expecting keyword_end
app/views/pics/new.html.haml:3:in `_app_views_pics_new_html_haml__4000090805138174325_70181886833680'
Started GET "/pics/new" for 127.0.0.1 at 2018-02-12 19:05:35 +0530
Processing by PicsController#new as HTML
  Rendering pics/new.html.haml within layouts/application
  Rendered pics/_form.html.haml (2.4ms)
  Rendered pics/new.html.haml within layouts/application (4.8ms)
Completed 500 Internal Server Error in 16ms (ActiveRecord: 1.3ms)


  
SyntaxError (/home/anami/myinsta/app/views/pics/_form.html.haml:14: syntax error, unexpected tLABEL, expecting '='
nput ;discription, input_html:{ class: 'form-control'}
                              ^
/home/anami/myinsta/app/views/pics/_form.html.haml:17: syntax error, unexpected keyword_ensure, expecting keyword_end
Util.html_safe(_erbout);ensure;@haml_buffer = @haml_buffer.u
                              ^):
  
app/views/pics/_form.html.haml:14: syntax error, unexpected tLABEL, expecting '='
app/views/pics/_form.html.haml:17: syntax error, unexpected keyword_ensure, expecting keyword_end
app/views/pics/new.html.haml:3:in `_app_views_pics_new_html_haml__4000090805138174325_70181883163880'
Started GET "/" for 127.0.0.1 at 2018-02-12 19:06:05 +0530
  [1m[35m (0.2ms)[0m  [1m[34mSELECT "schema_migrations"."version" FROM "schema_migrations" ORDER BY "schema_migrations"."version" ASC[0m
Processing by PicsController#index as HTML
  Rendering pics/index.html.haml within layouts/application
  Rendered pics/index.html.haml within layouts/application (6.2ms)
Completed 200 OK in 200ms (Views: 192.3ms | ActiveRecord: 0.0ms)


Started GET "/pics/new" for 127.0.0.1 at 2018-02-12 19:06:26 +0530
Processing by PicsController#new as HTML
  Rendering pics/new.html.haml within layouts/application
  Rendered pics/_form.html.haml (2.6ms)
  Rendered pics/new.html.haml within layouts/application (4.7ms)
Completed 500 Internal Server Error in 17ms (ActiveRecord: 1.5ms)


  
SyntaxError (/home/anami/myinsta/app/views/pics/_form.html.haml:14: syntax error, unexpected tLABEL, expecting '='
nput ;discription, input_html:{ class: 'form-control'}
                              ^
/home/anami/myinsta/app/views/pics/_form.html.haml:17: syntax error, unexpected keyword_ensure, expecting keyword_end
Util.html_safe(_erbout);ensure;@haml_buffer = @haml_buffer.u
                              ^):
  
app/views/pics/_form.html.haml:14: syntax error, unexpected tLABEL, expecting '='
app/views/pics/_form.html.haml:17: syntax error, unexpected keyword_ensure, expecting keyword_end
app/views/pics/new.html.haml:3:in `_app_views_pics_new_html_haml___1692470475037126695_70221574910860'
Started GET "/pics/new" for 127.0.0.1 at 2018-02-12 19:06:53 +0530
Processing by PicsController#new as HTML
  Rendering pics/new.html.haml within layouts/application
  Rendered pics/_form.html.haml (5.0ms)
  Rendered pics/new.html.haml within layouts/application (8.7ms)
Completed 500 Internal Server Error in 14ms (ActiveRecord: 0.0ms)


  
SyntaxError (/home/anami/myinsta/app/views/pics/_form.html.haml:17: syntax error, unexpected keyword_ensure, expecting keyword_end
Util.html_safe(_erbout);ensure;@haml_buffer = @haml_buffer.u
                              ^):
  
app/views/pics/_form.html.haml:17: syntax error, unexpected keyword_ensure, expecting keyword_end
app/views/pics/new.html.haml:3:in `_app_views_pics_new_html_haml___1692470475037126695_70221654190380'
Started POST "/__web_console/repl_sessions/37135db0a64749b080d74c5d0f6f6ebb/trace" for 127.0.0.1 at 2018-02-12 19:07:40 +0530
Started POST "/__web_console/repl_sessions/37135db0a64749b080d74c5d0f6f6ebb/trace" for 127.0.0.1 at 2018-02-12 19:07:41 +0530
Started GET "/pics/new" for 127.0.0.1 at 2018-02-12 19:09:24 +0530
Processing by PicsController#new as HTML
  Rendering pics/new.html.haml within layouts/application
  Rendered pics/_form.html.haml (4.2ms)
  Rendered pics/new.html.haml within layouts/application (6.7ms)
Completed 500 Internal Server Error in 9ms (ActiveRecord: 0.0ms)


  
SyntaxError (/home/anami/myinsta/app/views/pics/_form.html.haml:17: syntax error, unexpected keyword_ensure, expecting keyword_end
Util.html_safe(_erbout);ensure;@haml_buffer = @haml_buffer.u
                              ^):
  
app/views/pics/_form.html.haml:17: syntax error, unexpected keyword_ensure, expecting keyword_end
app/views/pics/new.html.haml:3:in `_app_views_pics_new_html_haml___1692470475037126695_70221652329600'
Started GET "/pics/new" for 127.0.0.1 at 2018-02-12 19:13:12 +0530
Processing by PicsController#new as HTML
  Rendering pics/new.html.haml within layouts/application
  Rendered pics/_form.html.haml (5.4ms)
  Rendered pics/new.html.haml within layouts/application (8.8ms)
Completed 500 Internal Server Error in 11ms (ActiveRecord: 0.0ms)


  
SyntaxError (/home/anami/myinsta/app/views/pics/_form.html.haml:17: syntax error, unexpected keyword_ensure, expecting keyword_end
Util.html_safe(_erbout);ensure;@haml_buffer = @haml_buffer.u
                              ^):
  
app/views/pics/_form.html.haml:17: syntax error, unexpected keyword_ensure, expecting keyword_end
app/views/pics/new.html.haml:3:in `_app_views_pics_new_html_haml___1692470475037126695_70221644441300'
Started GET "/pics/new" for 127.0.0.1 at 2018-02-12 19:13:27 +0530
Processing by PicsController#new as HTML
  Rendering pics/new.html.haml within layouts/application
  Rendered pics/_form.html.haml (2.6ms)
  Rendered pics/new.html.haml within layouts/application (5.6ms)
Completed 500 Internal Server Error in 8ms (ActiveRecord: 0.0ms)


  
SyntaxError (/home/anami/myinsta/app/views/pics/_form.html.haml:16: syntax error, unexpected keyword_ensure, expecting keyword_end
Util.html_safe(_erbout);ensure;@haml_buffer = @haml_buffer.u
                              ^):
  
app/views/pics/_form.html.haml:16: syntax error, unexpected keyword_ensure, expecting keyword_end
app/views/pics/new.html.haml:3:in `_app_views_pics_new_html_haml___1692470475037126695_70221578003660'
Started GET "/" for 127.0.0.1 at 2018-02-12 19:22:09 +0530
Processing by PicsController#index as HTML
  Rendering pics/index.html.haml within layouts/application
  Rendered pics/index.html.haml within layouts/application (3.1ms)
Completed 200 OK in 34ms (Views: 32.7ms | ActiveRecord: 0.0ms)


Started GET "/" for 127.0.0.1 at 2018-03-10 11:35:32 +0530
  [1m[35m (0.4ms)[0m  [1m[34mSELECT "schema_migrations"."version" FROM "schema_migrations" ORDER BY "schema_migrations"."version" ASC[0m
Processing by PicsController#index as HTML
  Rendering pics/index.html.haml within layouts/application
  Rendered pics/index.html.haml within layouts/application (17.8ms)
Completed 200 OK in 456ms (Views: 444.1ms | ActiveRecord: 0.0ms)


Started GET "/" for 127.0.0.1 at 2018-03-10 11:43:04 +0530
  [1m[35m (0.2ms)[0m  [1m[34mSELECT "schema_migrations"."version" FROM "schema_migrations" ORDER BY "schema_migrations"."version" ASC[0m
Processing by PicsController#index as HTML
  Rendering pics/index.html.haml within layouts/application
  Rendered pics/index.html.haml within layouts/application (18.0ms)
Completed 200 OK in 2035ms (Views: 2010.8ms | ActiveRecord: 0.0ms)


Started GET "/" for 127.0.0.1 at 2018-03-11 14:09:32 +0530
  [1m[35m (0.2ms)[0m  [1m[34mSELECT "schema_migrations"."version" FROM "schema_migrations" ORDER BY "schema_migrations"."version" ASC[0m
Processing by PicsController#index as HTML
  Rendering pics/index.html.haml within layouts/application
  Rendered pics/index.html.haml within layouts/application (17.5ms)
Completed 200 OK in 6385ms (Views: 6373.0ms | ActiveRecord: 0.0ms)


Started GET "/pics/new" for 127.0.0.1 at 2018-03-11 14:10:32 +0530
Processing by PicsController#new as HTML
  Rendering pics/new.html.haml within layouts/application
  Rendered pics/_form.html.haml (3.0ms)
  Rendered pics/new.html.haml within layouts/application (5.2ms)
Completed 500 Internal Server Error in 110ms (ActiveRecord: 0.6ms)


  
SyntaxError (/home/anami/myinsta/app/views/pics/_form.html.haml:17: syntax error, unexpected keyword_ensure, expecting keyword_end
Util.html_safe(_erbout);ensure;@haml_buffer = @haml_buffer.u
                              ^):
  
app/views/pics/_form.html.haml:17: syntax error, unexpected keyword_ensure, expecting keyword_end
app/views/pics/new.html.haml:3:in `_app_views_pics_new_html_haml__4115990271354004036_70342888832580'
Started GET "/pics/new" for 127.0.0.1 at 2018-03-11 14:10:54 +0530
Processing by PicsController#new as HTML
  Rendering pics/new.html.haml within layouts/application
  Rendered pics/_form.html.haml (3.6ms)
  Rendered pics/new.html.haml within layouts/application (6.2ms)
Completed 500 Internal Server Error in 9ms (ActiveRecord: 0.0ms)


  
SyntaxError (/home/anami/myinsta/app/views/pics/_form.html.haml:17: syntax error, unexpected keyword_ensure, expecting keyword_end
Util.html_safe(_erbout);ensure;@haml_buffer = @haml_buffer.u
                              ^):
  
app/views/pics/_form.html.haml:17: syntax error, unexpected keyword_ensure, expecting keyword_end
app/views/pics/new.html.haml:3:in `_app_views_pics_new_html_haml__4115990271354004036_70342877568020'
Started GET "/pics" for 127.0.0.1 at 2018-03-11 14:10:58 +0530
Processing by PicsController#index as HTML
  Rendering pics/index.html.haml within layouts/application
  Rendered pics/index.html.haml within layouts/application (1.3ms)
Completed 200 OK in 21ms (Views: 20.0ms | ActiveRecord: 0.0ms)


Started GET "/pics/new" for 127.0.0.1 at 2018-03-11 14:11:06 +0530
Processing by PicsController#new as HTML
  Rendering pics/new.html.haml within layouts/application
  Rendered pics/_form.html.haml (3.3ms)
  Rendered pics/new.html.haml within layouts/application (7.7ms)
Completed 500 Internal Server Error in 12ms (ActiveRecord: 0.0ms)


  
SyntaxError (/home/anami/myinsta/app/views/pics/_form.html.haml:17: syntax error, unexpected keyword_ensure, expecting keyword_end
Util.html_safe(_erbout);ensure;@haml_buffer = @haml_buffer.u
                              ^):
  
app/views/pics/_form.html.haml:17: syntax error, unexpected keyword_ensure, expecting keyword_end
app/views/pics/new.html.haml:3:in `_app_views_pics_new_html_haml__4115990271354004036_70342890199700'
Started GET "/pics/new" for 127.0.0.1 at 2018-03-11 14:56:09 +0530
  [1m[35m (0.2ms)[0m  [1m[34mSELECT "schema_migrations"."version" FROM "schema_migrations" ORDER BY "schema_migrations"."version" ASC[0m
  
SyntaxError (/home/anami/myinsta/app/controllers/pics_controller.rb:22: syntax error, unexpected keyword_end, expecting end-of-input):
  
app/controllers/pics_controller.rb:22: syntax error, unexpected keyword_end, expecting end-of-input
Started GET "/pics/new" for 127.0.0.1 at 2018-03-11 14:56:48 +0530
  
Started GET "/pics/new" for 127.0.0.1 at 2018-03-11 14:56:58 +0530
SyntaxError (/home/anami/myinsta/app/controllers/pics_controller.rb:22: syntax error, unexpected keyword_end, expecting end-of-input):
  
app/controllers/pics_controller.rb:22: syntax error, unexpected keyword_end, expecting end-of-input
  
SyntaxError (/home/anami/myinsta/app/controllers/pics_controller.rb:22: syntax error, unexpected keyword_end, expecting end-of-input):
  
app/controllers/pics_controller.rb:22: syntax error, unexpected keyword_end, expecting end-of-input
Started GET "/" for 127.0.0.1 at 2018-03-11 14:57:02 +0530
  
SyntaxError (/home/anami/myinsta/app/controllers/pics_controller.rb:22: syntax error, unexpected keyword_end, expecting end-of-input):
  
app/controllers/pics_controller.rb:22: syntax error, unexpected keyword_end, expecting end-of-input
Started GET "/" for 127.0.0.1 at 2018-03-11 14:59:39 +0530
  [1m[35m (0.2ms)[0m  [1m[34mSELECT "schema_migrations"."version" FROM "schema_migrations" ORDER BY "schema_migrations"."version" ASC[0m
  
SyntaxError (/home/anami/myinsta/app/controllers/pics_controller.rb:24: syntax error, unexpected keyword_end, expecting end-of-input):
  
app/controllers/pics_controller.rb:24: syntax error, unexpected keyword_end, expecting end-of-input
Started GET "/" for 127.0.0.1 at 2018-03-11 15:00:17 +0530
  [1m[35m (0.1ms)[0m  [1m[34mSELECT "schema_migrations"."version" FROM "schema_migrations" ORDER BY "schema_migrations"."version" ASC[0m
  
LoadError (cannot load such file -- pry):
  
app/controllers/pics_controller.rb:1:in `<top (required)>'
Started GET "/" for 127.0.0.1 at 2018-03-11 15:00:34 +0530
Processing by PicsController#index as HTML
  Rendering pics/index.html.haml within layouts/application
  Rendered pics/index.html.haml within layouts/application (1.2ms)
Completed 500 Internal Server Error in 51ms


  
ActionView::Template::Error (Indenting at the beginning of the document is illegal.):
    1:  %h1 Placeholder!
  
app/views/pics/index.html.haml:1
Started GET "/" for 127.0.0.1 at 2018-03-11 15:01:57 +0530
Processing by PicsController#index as HTML
  Rendering pics/index.html.haml within layouts/application
  Rendered pics/index.html.haml within layouts/application (69.1ms)
Completed 200 OK in 5946ms (Views: 5944.4ms)


Started GET "/pics/new" for 127.0.0.1 at 2018-03-11 15:02:17 +0530
Processing by PicsController#new as HTML
  Rendering pics/new.html.haml within layouts/application
  Rendered pics/_form.html.haml (17.9ms)
  Rendered pics/new.html.haml within layouts/application (63.4ms)
Completed 500 Internal Server Error in 195ms (ActiveRecord: 0.9ms)


  
SyntaxError (/home/anami/myinsta/app/views/pics/_form.html.haml:19: syntax error, unexpected keyword_ensure, expecting keyword_end
Util.html_safe(_erbout);ensure;@haml_buffer = @haml_buffer.u
                              ^):
  
app/views/pics/_form.html.haml:19: syntax error, unexpected keyword_ensure, expecting keyword_end
app/views/pics/new.html.haml:3:in `_app_views_pics_new_html_haml__4201369355201404595_26117240'
Started GET "/pics/new" for 127.0.0.1 at 2018-03-11 15:41:24 +0530
Processing by PicsController#new as HTML
  Rendering pics/new.html.haml within layouts/application
  Rendered pics/_form.html.haml (762.6ms)
  Rendered pics/new.html.haml within layouts/application (813.1ms)
Completed 500 Internal Server Error in 839ms (ActiveRecord: 0.0ms)


  
ActionView::Template::Error (undefined method `description' for #<Pic:0x007fdab0782ef8>
Did you mean?  discription):
    15:   .form-group
    16:     = f.input :title, input_html: { class: 'form-control' }
    17:   .form-group
    18:     = f.input :description, input_html: { class: 'form_control' }
    19: 
    20:   = f.button :submit, class: "btn btn-info"
  
app/views/pics/_form.html.haml:18:in `block in _app_views_pics__form_html_haml__1278604768549903672_70288619160180'
app/views/pics/_form.html.haml:5:in `_app_views_pics__form_html_haml__1278604768549903672_70288619160180'
app/views/pics/new.html.haml:3:in `_app_views_pics_new_html_haml__4201369355201404595_70288620075040'
Started GET "/pics/new" for 127.0.0.1 at 2018-03-11 15:42:04 +0530
Processing by PicsController#new as HTML
  Rendering pics/new.html.haml within layouts/application
  Rendered pics/_form.html.haml (4.7ms)
  Rendered pics/new.html.haml within layouts/application (9.4ms)
Completed 500 Internal Server Error in 13ms (ActiveRecord: 0.0ms)


  
SyntaxError (/home/anami/myinsta/app/views/pics/_form.html.haml:18: syntax error, unexpected keyword_ensure, expecting keyword_end
Util.html_safe(_erbout);ensure;@haml_buffer = @haml_buffer.u
                              ^
/home/anami/myinsta/app/views/pics/_form.html.haml:19: syntax error, unexpected keyword_ensure, expecting keyword_end
          ensure
                ^
/home/anami/myinsta/app/views/pics/_form.html.haml:21: syntax error, unexpected end-of-input, expecting keyword_end):
  
app/views/pics/_form.html.haml:18: syntax error, unexpected keyword_ensure, expecting keyword_end
app/views/pics/_form.html.haml:19: syntax error, unexpected keyword_ensure, expecting keyword_end
app/views/pics/_form.html.haml:21: syntax error, unexpected end-of-input, expecting keyword_end
app/views/pics/new.html.haml:3:in `_app_views_pics_new_html_haml__4201369355201404595_70288795833360'
Started GET "/pics/new" for 127.0.0.1 at 2018-03-11 15:42:32 +0530
Processing by PicsController#new as HTML
  Rendering pics/new.html.haml within layouts/application
  Rendered pics/_form.html.haml (4.3ms)
  Rendered pics/new.html.haml within layouts/application (8.1ms)
Completed 500 Internal Server Error in 13ms (ActiveRecord: 0.0ms)


  
SyntaxError (/home/anami/myinsta/app/views/pics/_form.html.haml:18: syntax error, unexpected keyword_ensure, expecting keyword_end
Util.html_safe(_erbout);ensure;@haml_buffer = @haml_buffer.u
                              ^
/home/anami/myinsta/app/views/pics/_form.html.haml:19: syntax error, unexpected keyword_ensure, expecting keyword_end
          ensure
                ^
/home/anami/myinsta/app/views/pics/_form.html.haml:21: syntax error, unexpected end-of-input, expecting keyword_end):
  
app/views/pics/_form.html.haml:18: syntax error, unexpected keyword_ensure, expecting keyword_end
app/views/pics/_form.html.haml:19: syntax error, unexpected keyword_ensure, expecting keyword_end
app/views/pics/_form.html.haml:21: syntax error, unexpected end-of-input, expecting keyword_end
app/views/pics/new.html.haml:3:in `_app_views_pics_new_html_haml__4201369355201404595_70288795799680'
Started GET "/pics/new" for 127.0.0.1 at 2018-03-11 15:43:04 +0530
Processing by PicsController#new as HTML
  Rendering pics/new.html.haml within layouts/application
  Rendered pics/_form.html.haml (21.4ms)
  Rendered pics/new.html.haml within layouts/application (24.9ms)
Completed 500 Internal Server Error in 28ms (ActiveRecord: 0.0ms)


  
ActionView::Template::Error (undefined method `description' for #<Pic:0x007fdac5686d50>
Did you mean?  discription):
    11:   .form-group
    12:     = f.input :title, input_html: { class: 'form-control' }
    13:   .form-group
    14:     = f.input :description, input_html: { class: 'form_control' }
    15: 
    16:   = f.button :submit, class: "btn btn-info"
  
app/views/pics/_form.html.haml:14:in `block in _app_views_pics__form_html_haml__1278604768549903672_70288795688640'
app/views/pics/_form.html.haml:1:in `_app_views_pics__form_html_haml__1278604768549903672_70288795688640'
app/views/pics/new.html.haml:3:in `_app_views_pics_new_html_haml__4201369355201404595_70288795773740'
Started GET "/pics/new" for 127.0.0.1 at 2018-03-11 15:44:16 +0530
  [1m[35m (0.2ms)[0m  [1m[34mSELECT "schema_migrations"."version" FROM "schema_migrations" ORDER BY "schema_migrations"."version" ASC[0m
Processing by PicsController#new as HTML
  Rendering pics/new.html.haml within layouts/application
  Rendered pics/_form.html.haml (18.9ms)
  Rendered pics/new.html.haml within layouts/application (22.2ms)
Completed 500 Internal Server Error in 25ms (ActiveRecord: 0.0ms)


  
ActionView::Template::Error (undefined method `description' for #<Pic:0x007fdac53f9128>
Did you mean?  discription):
    11:   .form-group
    12:     = f.input :title, input_html: { class: 'form-control' }
    13:   .form-group
    14:     = f.input :description, input_html: { class: 'form_control' }
    15: 
    16:   = f.button :submit, class: "btn btn-info"
  
app/views/pics/_form.html.haml:14:in `block in _app_views_pics__form_html_haml__1278604768549903672_70288794387280'
app/views/pics/_form.html.haml:1:in `_app_views_pics__form_html_haml__1278604768549903672_70288794387280'
app/views/pics/new.html.haml:3:in `_app_views_pics_new_html_haml__4201369355201404595_70288794435080'
Started GET "/pics/new" for 127.0.0.1 at 2018-03-11 15:44:41 +0530
Processing by PicsController#new as HTML
  Rendering pics/new.html.haml within layouts/application
  Rendered pics/_form.html.haml (23.6ms)
  Rendered pics/new.html.haml within layouts/application (27.7ms)
Completed 500 Internal Server Error in 65ms (ActiveRecord: 16.3ms)


  
ActionView::Template::Error (undefined method `description' for #<Pic:0x007fdac5982590>
Did you mean?  discription):
    11:   .form-group
    12:     = f.input :title, input_html: { class: 'form-control' }
    13:   .form-group
    14:     = f.input :description, input_html: { class: 'form_control' }
    15: 
    16:   = f.button :submit, class: "btn btn-info"
  
app/views/pics/_form.html.haml:14:in `block in _app_views_pics__form_html_haml__1278604768549903672_70288797128360'
app/views/pics/_form.html.haml:1:in `_app_views_pics__form_html_haml__1278604768549903672_70288797128360'
app/views/pics/new.html.haml:3:in `_app_views_pics_new_html_haml__4201369355201404595_70288797210220'
Started GET "/pics/new" for 127.0.0.1 at 2018-03-11 15:46:16 +0530
Processing by PicsController#new as HTML
  Rendering pics/new.html.haml within layouts/application
  Rendered pics/_form.html.haml (18.7ms)
  Rendered pics/new.html.haml within layouts/application (21.4ms)
Completed 500 Internal Server Error in 39ms (ActiveRecord: 1.2ms)


  
ActionView::Template::Error (undefined method `description' for #<Pic:0x007fdac55bf1b0>
Did you mean?  discription):
    11:   .form-group
    12:     = f.input :title, input_html: { class: 'form-control' }
    13:   .form-group
    14:     = f.input :description, input_html: { class: 'form_control' }
    15: 
    16:   = f.button :submit, class: "btn btn-info"
  
app/views/pics/_form.html.haml:14:in `block in _app_views_pics__form_html_haml__1278604768549903672_70288795164900'
app/views/pics/_form.html.haml:1:in `_app_views_pics__form_html_haml__1278604768549903672_70288795164900'
app/views/pics/new.html.haml:3:in `_app_views_pics_new_html_haml__4201369355201404595_70288795240920'
Started GET "/pics/new" for 127.0.0.1 at 2018-03-11 15:46:58 +0530
  [1m[35m (0.3ms)[0m  [1m[34mSELECT "schema_migrations"."version" FROM "schema_migrations" ORDER BY "schema_migrations"."version" ASC[0m
Processing by PicsController#new as HTML
  Rendering pics/new.html.haml within layouts/application
  Rendered pics/_form.html.haml (11.9ms)
  Rendered pics/new.html.haml within layouts/application (16.0ms)
Completed 200 OK in 489ms (Views: 474.6ms | ActiveRecord: 1.9ms)


Started POST "/pics" for 127.0.0.1 at 2018-03-11 15:51:06 +0530
Processing by PicsController#create as HTML
  Parameters: {"utf8"=>"✓", "authenticity_token"=>"5+qCxaQyN373xBhsSqA8wG3ksKTubr/2QIhDT+rGBpqDaIx3hfqcQpXlMdtx7KRTyYyQ8OWrr8tc1CY/S9sytw==", "pic"=>{"title"=>"", "discription"=>""}, "commit"=>"Create Pic"}
No template found for PicsController#create, rendering head :no_content
Completed 204 No Content in 18ms (ActiveRecord: 0.0ms)


Started GET "/" for 127.0.0.1 at 2018-03-11 15:51:09 +0530
Processing by PicsController#index as HTML
  Rendering pics/index.html.haml within layouts/application
  Rendered pics/index.html.haml within layouts/application (2.1ms)
Completed 200 OK in 78ms (Views: 59.2ms | ActiveRecord: 0.0ms)


Started GET "/pics" for 127.0.0.1 at 2018-03-11 15:55:26 +0530
Processing by PicsController#index as HTML
  Rendering pics/index.html.haml within layouts/application
  Rendered pics/index.html.haml within layouts/application (11.3ms)
Completed 200 OK in 599ms (Views: 554.0ms | ActiveRecord: 0.0ms)


Started GET "/pics/new" for 127.0.0.1 at 2018-03-11 15:55:36 +0530
Processing by PicsController#new as HTML
  Rendering pics/new.html.haml within layouts/application
  Rendered pics/_form.html.haml (43.4ms)
  Rendered pics/new.html.haml within layouts/application (46.1ms)
Completed 200 OK in 256ms (Views: 248.0ms | ActiveRecord: 0.0ms)


Started GET "/" for 127.0.0.1 at 2018-03-11 17:47:23 +0530
Processing by PicsController#index as HTML
  Rendering pics/index.html.haml within layouts/application
  Rendered pics/index.html.haml within layouts/application (17.8ms)
Completed 200 OK in 574ms (Views: 525.5ms)


Started GET "/pics/1" for 127.0.0.1 at 2018-03-11 17:47:39 +0530
  
AbstractController::ActionNotFound (The action 'show' could not be found for PicsController):
  
actionpack (5.1.4) lib/abstract_controller/base.rb:119:in `process'
actionview (5.1.4) lib/action_view/rendering.rb:30:in `process'
actionpack (5.1.4) lib/action_controller/metal.rb:189:in `dispatch'
actionpack (5.1.4) lib/action_controller/metal.rb:253:in `dispatch'
actionpack (5.1.4) lib/action_dispatch/routing/route_set.rb:49:in `dispatch'
actionpack (5.1.4) lib/action_dispatch/routing/route_set.rb:31:in `serve'
actionpack (5.1.4) lib/action_dispatch/journey/router.rb:50:in `block in serve'
actionpack (5.1.4) lib/action_dispatch/journey/router.rb:33:in `each'
actionpack (5.1.4) lib/action_dispatch/journey/router.rb:33:in `serve'
actionpack (5.1.4) lib/action_dispatch/routing/route_set.rb:834:in `call'
rack (2.0.4) lib/rack/etag.rb:25:in `call'
rack (2.0.4) lib/rack/conditional_get.rb:25:in `call'
rack (2.0.4) lib/rack/head.rb:12:in `call'
rack (2.0.4) lib/rack/session/abstract/id.rb:232:in `context'
rack (2.0.4) lib/rack/session/abstract/id.rb:226:in `call'
actionpack (5.1.4) lib/action_dispatch/middleware/cookies.rb:613:in `call'
activerecord (5.1.4) lib/active_record/migration.rb:556:in `call'
actionpack (5.1.4) lib/action_dispatch/middleware/callbacks.rb:26:in `block in call'
activesupport (5.1.4) lib/active_support/callbacks.rb:97:in `run_callbacks'
actionpack (5.1.4) lib/action_dispatch/middleware/callbacks.rb:24:in `call'
actionpack (5.1.4) lib/action_dispatch/middleware/executor.rb:12:in `call'
actionpack (5.1.4) lib/action_dispatch/middleware/debug_exceptions.rb:59:in `call'
web-console (3.5.1) lib/web_console/middleware.rb:135:in `call_app'
web-console (3.5.1) lib/web_console/middleware.rb:28:in `block in call'
web-console (3.5.1) lib/web_console/middleware.rb:18:in `catch'
web-console (3.5.1) lib/web_console/middleware.rb:18:in `call'
actionpack (5.1.4) lib/action_dispatch/middleware/show_exceptions.rb:31:in `call'
railties (5.1.4) lib/rails/rack/logger.rb:36:in `call_app'
railties (5.1.4) lib/rails/rack/logger.rb:24:in `block in call'
activesupport (5.1.4) lib/active_support/tagged_logging.rb:69:in `block in tagged'
activesupport (5.1.4) lib/active_support/tagged_logging.rb:26:in `tagged'
activesupport (5.1.4) lib/active_support/tagged_logging.rb:69:in `tagged'
railties (5.1.4) lib/rails/rack/logger.rb:24:in `call'
sprockets-rails (3.2.1) lib/sprockets/rails/quiet_assets.rb:13:in `call'
actionpack (5.1.4) lib/action_dispatch/middleware/remote_ip.rb:79:in `call'
actionpack (5.1.4) lib/action_dispatch/middleware/request_id.rb:25:in `call'
rack (2.0.4) lib/rack/method_override.rb:22:in `call'
rack (2.0.4) lib/rack/runtime.rb:22:in `call'
activesupport (5.1.4) lib/active_support/cache/strategy/local_cache_middleware.rb:27:in `call'
actionpack (5.1.4) lib/action_dispatch/middleware/executor.rb:12:in `call'
actionpack (5.1.4) lib/action_dispatch/middleware/static.rb:125:in `call'
rack (2.0.4) lib/rack/sendfile.rb:111:in `call'
railties (5.1.4) lib/rails/engine.rb:522:in `call'
puma (3.11.2) lib/puma/configuration.rb:225:in `call'
puma (3.11.2) lib/puma/server.rb:624:in `handle_request'
puma (3.11.2) lib/puma/server.rb:438:in `process_client'
puma (3.11.2) lib/puma/server.rb:302:in `block in run'
puma (3.11.2) lib/puma/thread_pool.rb:120:in `block in spawn_thread'
Started GET "/pics" for 127.0.0.1 at 2018-03-11 17:47:46 +0530
Processing by PicsController#index as HTML
  Rendering pics/index.html.haml within layouts/application
  Rendered pics/index.html.haml within layouts/application (2.1ms)
Completed 200 OK in 16ms (Views: 15.1ms)


Started GET "/pics/1" for 127.0.0.1 at 2018-03-11 18:10:41 +0530
Processing by PicsController#show as HTML
  Parameters: {"id"=>"1"}
  [1m[36mPic Load (294.1ms)[0m  [1m[34mSELECT  "pics".* FROM "pics" WHERE "pics"."id" = ? LIMIT ?[0m  [["id", 1], ["LIMIT", 1]]
Completed 404 Not Found in 1380ms (ActiveRecord: 324.3ms)


  
ActiveRecord::RecordNotFound (Couldn't find Pic with 'id'=1):
  
app/controllers/pics_controller.rb:34:in `find_pic'
Started GET "/" for 127.0.0.1 at 2018-03-11 18:16:35 +0530
  [1m[35m (0.1ms)[0m  [1m[34mSELECT "schema_migrations"."version" FROM "schema_migrations" ORDER BY "schema_migrations"."version" ASC[0m
Processing by PicsController#index as HTML
  Rendering pics/index.html.haml within layouts/application
  Rendered pics/index.html.haml within layouts/application (16.6ms)
Completed 200 OK in 3166ms (Views: 3158.6ms | ActiveRecord: 0.0ms)


Started GET "/pics" for 127.0.0.1 at 2018-03-11 18:16:44 +0530
Processing by PicsController#index as HTML
  Rendering pics/index.html.haml within layouts/application
  Rendered pics/index.html.haml within layouts/application (1.9ms)
Completed 200 OK in 20ms (Views: 19.2ms | ActiveRecord: 0.0ms)


Started GET "/pics/1" for 127.0.0.1 at 2018-03-11 18:16:50 +0530
Processing by PicsController#show as HTML
  Parameters: {"id"=>"1"}
  [1m[36mPic Load (0.3ms)[0m  [1m[34mSELECT  "pics".* FROM "pics" WHERE "pics"."id" = ? LIMIT ?[0m  [["id", 1], ["LIMIT", 1]]
Completed 404 Not Found in 9ms (ActiveRecord: 1.3ms)


  
ActiveRecord::RecordNotFound (Couldn't find Pic with 'id'=1):
  
app/controllers/pics_controller.rb:35:in `find_pic'
